<?xml version="1.0" encoding="UTF-8"?>
<testng-results ignored="0" total="1" passed="1" failed="0" skipped="0">
  <reporter-output>
  </reporter-output>
  <suite started-at="2021-05-11T02:01:31Z" name="Suite" finished-at="2021-05-11T02:01:41Z" duration-ms="10102">
    <groups>
    </groups>
    <test started-at="2021-05-11T02:01:31Z" name="Test" finished-at="2021-05-11T02:01:41Z" duration-ms="10102">
      <class name="com.crm.testcases.LoginTestCrm">
        <test-method is-config="true" signature="setupSuite()[pri:0, instance:com.crm.testcases.LoginTestCrm@22fcf7ab]" started-at="2021-05-11T02:01:30Z" name="setupSuite" finished-at="2021-05-11T02:01:31Z" duration-ms="684" status="PASS">
          <reporter-output>
          </reporter-output>
        </test-method> <!-- setupSuite -->
        <test-method is-config="true" signature="setup()[pri:0, instance:com.crm.testcases.LoginTestCrm@22fcf7ab]" started-at="2021-05-11T02:01:31Z" name="setup" finished-at="2021-05-11T02:01:36Z" duration-ms="4692" status="PASS">
          <reporter-output>
          </reporter-output>
        </test-method> <!-- setup -->
        <test-method signature="loginApp()[pri:0, instance:com.crm.testcases.LoginTestCrm@22fcf7ab]" started-at="2021-05-11T02:01:36Z" name="loginApp" finished-at="2021-05-11T02:01:41Z" duration-ms="5013" status="PASS">
          <reporter-output>
          </reporter-output>
        </test-method> <!-- loginApp -->
        <test-method is-config="true" signature="tearDownMethod(org.testng.ITestResult)[pri:0, instance:com.crm.testcases.LoginTestCrm@22fcf7ab]" started-at="2021-05-11T02:01:41Z" name="tearDownMethod" finished-at="2021-05-11T02:01:41Z" duration-ms="259" status="PASS">
          <params>
            <param index="0">
              <value>
                <![CDATA[[TestResult name=loginApp status=SUCCESS method=LoginTestCrm.loginApp()[pri:0, instance:com.crm.testcases.LoginTestCrm@22fcf7ab] output={null}]]]>
              </value>
            </param>
          </params>
          <reporter-output>
          </reporter-output>
        </test-method> <!-- tearDownMethod -->
        <test-method is-config="true" signature="tearDown()[pri:0, instance:com.crm.testcases.LoginTestCrm@22fcf7ab]" started-at="2021-05-11T02:01:41Z" name="tearDown" finished-at="2021-05-11T02:01:41Z" duration-ms="120" status="PASS">
          <reporter-output>
          </reporter-output>
        </test-method> <!-- tearDown -->
      </class> <!-- com.crm.testcases.LoginTestCrm -->
    </test> <!-- Test -->
  </suite> <!-- Suite -->
</testng-results>
